{
  "stats": {
    "suites": 3,
    "tests": 2,
    "passes": 2,
    "pending": 0,
    "failures": 0,
    "start": "2021-09-24T19:30:35.493Z",
    "end": "2021-09-24T19:30:35.534Z",
    "duration": 41,
    "testsRegistered": 2,
    "passPercent": 100,
    "pendingPercent": 0,
    "other": 0,
    "hasOther": false,
    "skipped": 0,
    "hasSkipped": false
  },
  "results": [
    {
      "uuid": "194d711e-eadd-4963-af57-90137be5257b",
      "title": "",
      "fullFile": "",
      "file": "",
      "beforeHooks": [],
      "afterHooks": [],
      "tests": [],
      "suites": [
        {
          "uuid": "e0767d32-c1b4-4611-a5e1-7bcc7c031b74",
          "title": "Sample Feature to Test the package",
          "fullFile": "/home/manikandan/Documents/BG_Automation/structure2/index.js",
          "file": "/index.js",
          "beforeHooks": [],
          "afterHooks": [],
          "tests": [],
          "suites": [
            {
              "uuid": "5f894ba7-d193-4092-a04f-3a494fb6c5b5",
              "title": "testing",
              "fullFile": "/home/manikandan/Documents/BG_Automation/structure2/index.js",
              "file": "/index.js",
              "beforeHooks": [],
              "afterHooks": [],
              "tests": [
                {
                  "title": "Given trigger POST on calculator endpoint for the operator + with the operands 5,6",
                  "fullTitle": "Sample Feature to Test the package testing Given trigger POST on calculator endpoint for the operator + with the operands 5,6",
                  "timedOut": false,
                  "duration": 27,
                  "state": "passed",
                  "speed": "fast",
                  "pass": true,
                  "fail": false,
                  "pending": false,
                  "context": null,
                  "code": "iterator(this, subject, done);",
                  "err": {},
                  "uuid": "c50afc76-4b08-43eb-bb91-d08a9d4754f7",
                  "parentUUID": "5f894ba7-d193-4092-a04f-3a494fb6c5b5",
                  "isHook": false,
                  "skipped": false
                }
              ],
              "suites": [],
              "passes": [
                "c50afc76-4b08-43eb-bb91-d08a9d4754f7"
              ],
              "failures": [],
              "pending": [],
              "skipped": [],
              "duration": 27,
              "root": false,
              "rootEmpty": false,
              "_timeout": 60000
            },
            {
              "uuid": "ddbd2eea-cd84-4395-986b-bb62088f4b12",
              "title": "testing",
              "fullFile": "/home/manikandan/Documents/BG_Automation/structure2/index.js",
              "file": "/index.js",
              "beforeHooks": [],
              "afterHooks": [],
              "tests": [
                {
                  "title": "Given trigger POST on calculator endpoint for the operator sqr with the operands 9",
                  "fullTitle": "Sample Feature to Test the package testing Given trigger POST on calculator endpoint for the operator sqr with the operands 9",
                  "timedOut": false,
                  "duration": 9,
                  "state": "passed",
                  "speed": "fast",
                  "pass": true,
                  "fail": false,
                  "pending": false,
                  "context": null,
                  "code": "iterator(this, subject, done);",
                  "err": {},
                  "uuid": "261896d6-d59d-4807-802d-081fec037c6a",
                  "parentUUID": "ddbd2eea-cd84-4395-986b-bb62088f4b12",
                  "isHook": false,
                  "skipped": false
                }
              ],
              "suites": [],
              "passes": [
                "261896d6-d59d-4807-802d-081fec037c6a"
              ],
              "failures": [],
              "pending": [],
              "skipped": [],
              "duration": 9,
              "root": false,
              "rootEmpty": false,
              "_timeout": 60000
            }
          ],
          "passes": [],
          "failures": [],
          "pending": [],
          "skipped": [],
          "duration": 0,
          "root": false,
          "rootEmpty": false,
          "_timeout": 60000
        }
      ],
      "passes": [],
      "failures": [],
      "pending": [],
      "skipped": [],
      "duration": 0,
      "root": true,
      "rootEmpty": true,
      "_timeout": 60000
    }
  ],
  "meta": {
    "mocha": {
      "version": "8.4.0"
    },
    "mochawesome": {
      "options": {
        "quiet": false,
        "reportFilename": "API-Automation-Test-Report",
        "saveHtml": true,
        "saveJson": true,
        "consoleReporter": "spec",
        "useInlineDiffs": false
      },
      "version": "4.1.0"
    },
    "marge": {
      "options": {
        "inlineAssets": "true",
        "reportDir": "mochawesome-report/20:30:34",
        "reportFilename": "API-Automation-Test-Report"
      },
      "version": "4.1.0"
    }
  }
}