{
  "stats": {
    "suites": 2,
    "tests": 1,
    "passes": 1,
    "pending": 0,
    "failures": 0,
    "start": "2021-09-24T19:28:29.981Z",
    "end": "2021-09-24T19:28:30.013Z",
    "duration": 32,
    "testsRegistered": 1,
    "passPercent": 100,
    "pendingPercent": 0,
    "other": 0,
    "hasOther": false,
    "skipped": 0,
    "hasSkipped": false
  },
  "results": [
    {
      "uuid": "3266ef98-e9fe-48a0-abda-d285168a7400",
      "title": "",
      "fullFile": "",
      "file": "",
      "beforeHooks": [],
      "afterHooks": [],
      "tests": [],
      "suites": [
        {
          "uuid": "3ca9487e-806c-4cdc-9dbb-0e6d1b46a45e",
          "title": "Sample Feature to Test the package",
          "fullFile": "/home/manikandan/Documents/BG_Automation/structure2/index.js",
          "file": "/index.js",
          "beforeHooks": [],
          "afterHooks": [],
          "tests": [],
          "suites": [
            {
              "uuid": "4e2a0ac4-5ea7-4953-a4b2-a964e318a465",
              "title": "testing",
              "fullFile": "/home/manikandan/Documents/BG_Automation/structure2/index.js",
              "file": "/index.js",
              "beforeHooks": [],
              "afterHooks": [],
              "tests": [
                {
                  "title": "Given trigger POST on calculator endpoint for the operator + with the operands 5,6",
                  "fullTitle": "Sample Feature to Test the package testing Given trigger POST on calculator endpoint for the operator + with the operands 5,6",
                  "timedOut": false,
                  "duration": 28,
                  "state": "passed",
                  "speed": "fast",
                  "pass": true,
                  "fail": false,
                  "pending": false,
                  "context": null,
                  "code": "iterator(this, subject, done);",
                  "err": {},
                  "uuid": "615965e1-5148-44b6-8e92-40bbdf61a904",
                  "parentUUID": "4e2a0ac4-5ea7-4953-a4b2-a964e318a465",
                  "isHook": false,
                  "skipped": false
                }
              ],
              "suites": [],
              "passes": [
                "615965e1-5148-44b6-8e92-40bbdf61a904"
              ],
              "failures": [],
              "pending": [],
              "skipped": [],
              "duration": 28,
              "root": false,
              "rootEmpty": false,
              "_timeout": 60000
            }
          ],
          "passes": [],
          "failures": [],
          "pending": [],
          "skipped": [],
          "duration": 0,
          "root": false,
          "rootEmpty": false,
          "_timeout": 60000
        }
      ],
      "passes": [],
      "failures": [],
      "pending": [],
      "skipped": [],
      "duration": 0,
      "root": true,
      "rootEmpty": true,
      "_timeout": 60000
    }
  ],
  "meta": {
    "mocha": {
      "version": "8.4.0"
    },
    "mochawesome": {
      "options": {
        "quiet": false,
        "reportFilename": "API-Automation-Test-Report",
        "saveHtml": true,
        "saveJson": true,
        "consoleReporter": "spec",
        "useInlineDiffs": false
      },
      "version": "4.1.0"
    },
    "marge": {
      "options": {
        "inlineAssets": "true",
        "reportDir": "mochawesome-report/20:28:28",
        "reportFilename": "API-Automation-Test-Report"
      },
      "version": "4.1.0"
    }
  }
}