{
  "stats": {
    "suites": 2,
    "tests": 4,
    "passes": 3,
    "pending": 0,
    "failures": 1,
    "start": "2021-09-24T20:33:04.623Z",
    "end": "2021-09-24T20:33:04.725Z",
    "duration": 102,
    "testsRegistered": 4,
    "passPercent": 75,
    "pendingPercent": 0,
    "other": 0,
    "hasOther": false,
    "skipped": 0,
    "hasSkipped": false
  },
  "results": [
    {
      "uuid": "6f9c7a8e-526d-4e83-9614-9491573cc0a8",
      "title": "",
      "fullFile": "",
      "file": "",
      "beforeHooks": [],
      "afterHooks": [],
      "tests": [],
      "suites": [
        {
          "uuid": "b9726616-d02d-4972-ac77-85575f3ed530",
          "title": "Sample Feature to Test the package",
          "fullFile": "/home/manikandan/Documents/BG_Automation/structure2/index.js",
          "file": "/index.js",
          "beforeHooks": [],
          "afterHooks": [],
          "tests": [],
          "suites": [
            {
              "uuid": "e69a0dda-2257-466d-8fd4-f528c97551b7",
              "title": "testing",
              "fullFile": "/home/manikandan/Documents/BG_Automation/structure2/index.js",
              "file": "/index.js",
              "beforeHooks": [],
              "afterHooks": [],
              "tests": [
                {
                  "title": "Given set up the test environment details for execution",
                  "fullTitle": "Sample Feature to Test the package testing Given set up the test environment details for execution",
                  "timedOut": false,
                  "duration": 8,
                  "state": "passed",
                  "speed": "fast",
                  "pass": true,
                  "fail": false,
                  "pending": false,
                  "context": null,
                  "code": "iterator(this, subject, done);",
                  "err": {},
                  "uuid": "00477108-3c46-4ebe-96af-dd9953c38e67",
                  "parentUUID": "e69a0dda-2257-466d-8fd4-f528c97551b7",
                  "isHook": false,
                  "skipped": false
                },
                {
                  "title": "Given trigger POST on calculator endpoint for the operator + with the operands 5,6",
                  "fullTitle": "Sample Feature to Test the package testing Given trigger POST on calculator endpoint for the operator + with the operands 5,6",
                  "timedOut": false,
                  "duration": 60,
                  "state": "passed",
                  "speed": "fast",
                  "pass": true,
                  "fail": false,
                  "pending": false,
                  "context": null,
                  "code": "iterator(this, subject, done);",
                  "err": {},
                  "uuid": "9285a6a9-716f-4669-a8aa-b6410ea96854",
                  "parentUUID": "e69a0dda-2257-466d-8fd4-f528c97551b7",
                  "isHook": false,
                  "skipped": false
                },
                {
                  "title": "When validating the response",
                  "fullTitle": "Sample Feature to Test the package testing When validating the response",
                  "timedOut": false,
                  "duration": 3,
                  "state": "passed",
                  "speed": "fast",
                  "pass": true,
                  "fail": false,
                  "pending": false,
                  "context": null,
                  "code": "iterator(this, subject, done);",
                  "err": {},
                  "uuid": "9f9cabf8-be5d-4028-ba43-679f4459d1cd",
                  "parentUUID": "e69a0dda-2257-466d-8fd4-f528c97551b7",
                  "isHook": false,
                  "skipped": false
                },
                {
                  "title": "Then the result should be return with expected value 11.00",
                  "fullTitle": "Sample Feature to Test the package testing Then the result should be return with expected value 11.00",
                  "timedOut": false,
                  "duration": 3,
                  "state": "failed",
                  "speed": null,
                  "pass": false,
                  "fail": true,
                  "pending": false,
                  "context": null,
                  "code": "iterator(this, subject, done);",
                  "err": {
                    "message": "AssertionError: expected 11 to equal '11.00'",
                    "estack": "AssertionError: expected 11 to equal '11.00'\n    at Object._callee3$ (api-calls/calculator.js:32:35)\n    at tryCatch (node_modules/regenerator-runtime/runtime.js:63:40)\n    at Generator.invoke [as _invoke] (node_modules/regenerator-runtime/runtime.js:294:22)\n    at Generator.next (node_modules/regenerator-runtime/runtime.js:119:21)\n    at asyncGeneratorStep (api-calls/calculator.js:20:103)\n    at _next (api-calls/calculator.js:22:194)\n    at /home/manikandan/Documents/BG_Automation/structure2/api-calls/calculator.js:22:364\n    at new Promise (<anonymous>)\n    at Object.<anonymous> (api-calls/calculator.js:22:97)\n    at Object._validateTheResponse (api-calls/calculator.js:114:31)\n    at Object.call (api-calls/calculator.js:94:31)\n    at Object._callee$ (steps/then/lib/then-steps.js:8:37)\n    at tryCatch (node_modules/regenerator-runtime/runtime.js:63:40)\n    at Generator.invoke [as _invoke] (node_modules/regenerator-runtime/runtime.js:294:22)\n    at Generator.next (node_modules/regenerator-runtime/runtime.js:119:21)\n    at asyncGeneratorStep (steps/then/lib/then-steps.js:10:103)\n    at _next (steps/then/lib/then-steps.js:12:194)\n    at /home/manikandan/Documents/BG_Automation/structure2/steps/then/lib/then-steps.js:12:364\n    at new Promise (<anonymous>)\n    at Object.<anonymous> (steps/then/lib/then-steps.js:12:97)\n    at Object.<anonymous> (steps/then/lib/then-steps.js:6:5)\n    at Object.invoke (node_modules/yadda/lib/fn.js:15:19)\n    at /home/manikandan/Documents/BG_Automation/structure2/node_modules/yadda/lib/Macro.js:37:29\n    at /home/manikandan/Documents/BG_Automation/structure2/node_modules/yadda/lib/Array.js:85:13\n    at /home/manikandan/Documents/BG_Automation/structure2/node_modules/yadda/lib/Array.js:60:53\n    at /home/manikandan/Documents/BG_Automation/structure2/node_modules/yadda/lib/Array.js:81:17\n    at pass_through_converter (node_modules/yadda/lib/converters/pass-through-converter.js:4:12)\n    at /home/manikandan/Documents/BG_Automation/structure2/node_modules/yadda/lib/Macro.js:81:27\n    at /home/manikandan/Documents/BG_Automation/structure2/node_modules/yadda/lib/Macro.js:84:13\n    at /home/manikandan/Documents/BG_Automation/structure2/node_modules/yadda/lib/Array.js:78:13\n    at iterate (node_modules/yadda/lib/Array.js:58:13)\n    at each_async (node_modules/yadda/lib/Array.js:64:9)\n    at Array.collect_async (node_modules/yadda/lib/Array.js:77:9)\n    at Array.collect_async (node_modules/yadda/lib/fn.js:10:23)\n    at convert (node_modules/yadda/lib/Macro.js:83:12)\n    at Macro.interpret (node_modules/yadda/lib/Macro.js:32:9)\n    at Interpreter.interpret_step (node_modules/yadda/lib/Interpreter.js:59:15)\n    at iterator (node_modules/yadda/lib/Interpreter.js:49:19)\n    at iterate (node_modules/yadda/lib/Array.js:58:13)\n    at Array.each_async (node_modules/yadda/lib/Array.js:64:9)\n    at Array.each_async (node_modules/yadda/lib/fn.js:10:23)\n    at Interpreter.interpret (node_modules/yadda/lib/Interpreter.js:44:21)\n    at Yadda.yadda (node_modules/yadda/lib/Yadda.js:25:26)\n    at Context.<anonymous> (node_modules/ya-done-api/src/lib/yadda-core.js:32:31)\n    at /home/manikandan/Documents/BG_Automation/structure2/node_modules/yadda/lib/plugins/mocha/StepLevelPlugin.js:37:39\n    at Context.<anonymous> (node_modules/yadda/lib/plugins/mocha/BasePlugin.js:38:13)\n    at processImmediate (internal/timers.js:456:21)",
                    "diff": null
                  },
                  "uuid": "fd587d8d-d002-44ec-8607-1c925af34a55",
                  "parentUUID": "e69a0dda-2257-466d-8fd4-f528c97551b7",
                  "isHook": false,
                  "skipped": false
                }
              ],
              "suites": [],
              "passes": [
                "00477108-3c46-4ebe-96af-dd9953c38e67",
                "9285a6a9-716f-4669-a8aa-b6410ea96854",
                "9f9cabf8-be5d-4028-ba43-679f4459d1cd"
              ],
              "failures": [
                "fd587d8d-d002-44ec-8607-1c925af34a55"
              ],
              "pending": [],
              "skipped": [],
              "duration": 74,
              "root": false,
              "rootEmpty": false,
              "_timeout": 60000
            }
          ],
          "passes": [],
          "failures": [],
          "pending": [],
          "skipped": [],
          "duration": 0,
          "root": false,
          "rootEmpty": false,
          "_timeout": 60000
        }
      ],
      "passes": [],
      "failures": [],
      "pending": [],
      "skipped": [],
      "duration": 0,
      "root": true,
      "rootEmpty": true,
      "_timeout": 60000
    }
  ],
  "meta": {
    "mocha": {
      "version": "8.4.0"
    },
    "mochawesome": {
      "options": {
        "quiet": false,
        "reportFilename": "API-Automation-Test-Report",
        "saveHtml": true,
        "saveJson": true,
        "consoleReporter": "spec",
        "useInlineDiffs": false
      },
      "version": "4.1.0"
    },
    "marge": {
      "options": {
        "inlineAssets": "true",
        "reportDir": "mochawesome-report/21:33:3",
        "reportFilename": "API-Automation-Test-Report"
      },
      "version": "4.1.0"
    }
  }
}