{
  "stats": {
    "suites": 2,
    "tests": 1,
    "passes": 0,
    "pending": 0,
    "failures": 1,
    "start": "2021-09-24T19:12:56.718Z",
    "end": "2021-09-24T19:12:56.728Z",
    "duration": 10,
    "testsRegistered": 1,
    "passPercent": 0,
    "pendingPercent": 0,
    "other": 0,
    "hasOther": false,
    "skipped": 0,
    "hasSkipped": false
  },
  "results": [
    {
      "uuid": "24345f8e-a2bb-4f6b-bac7-afa550c9589d",
      "title": "",
      "fullFile": "",
      "file": "",
      "beforeHooks": [],
      "afterHooks": [],
      "tests": [],
      "suites": [
        {
          "uuid": "3da9ad73-323c-42da-b560-d7c1ede60625",
          "title": "Sample Feature to Test the package",
          "fullFile": "/home/manikandan/Documents/BG_Automation/structure2/index.js",
          "file": "/index.js",
          "beforeHooks": [],
          "afterHooks": [],
          "tests": [],
          "suites": [
            {
              "uuid": "1208e7de-3f47-4016-9e29-1e8829042492",
              "title": "testing",
              "fullFile": "/home/manikandan/Documents/BG_Automation/structure2/index.js",
              "file": "/index.js",
              "beforeHooks": [],
              "afterHooks": [],
              "tests": [
                {
                  "title": "Given trigger POST on calculator endpoint for the operator + with the operands 5,6",
                  "fullTitle": "Sample Feature to Test the package testing Given trigger POST on calculator endpoint for the operator + with the operands 5,6",
                  "timedOut": false,
                  "duration": 2,
                  "state": "failed",
                  "speed": null,
                  "pass": false,
                  "fail": true,
                  "pending": false,
                  "context": null,
                  "code": "iterator(this, subject, done);",
                  "err": {
                    "message": "Error: Scenario cannot be interpreted\nGiven trigger POST on calculator endpoint for the operator + with the operands 5,6 <-- Undefined Step",
                    "estack": "Error: Scenario cannot be interpreted\nGiven trigger POST on calculator endpoint for the operator + with the operands 5,6 <-- Undefined Step\n    at Interpreter.validate (node_modules/yadda/lib/Interpreter.js:29:50)\n    at Yadda.yadda (node_modules/yadda/lib/Yadda.js:24:26)\n    at Context.<anonymous> (node_modules/ya-done-api/src/lib/yadda-core.js:32:31)\n    at /home/manikandan/Documents/BG_Automation/structure2/node_modules/yadda/lib/plugins/mocha/StepLevelPlugin.js:37:39\n    at Context.<anonymous> (node_modules/yadda/lib/plugins/mocha/BasePlugin.js:38:13)\n    at processImmediate (internal/timers.js:456:21)",
                    "diff": null
                  },
                  "uuid": "8f53094c-9111-4bf0-88f2-d767035e47fc",
                  "parentUUID": "1208e7de-3f47-4016-9e29-1e8829042492",
                  "isHook": false,
                  "skipped": false
                }
              ],
              "suites": [],
              "passes": [],
              "failures": [
                "8f53094c-9111-4bf0-88f2-d767035e47fc"
              ],
              "pending": [],
              "skipped": [],
              "duration": 2,
              "root": false,
              "rootEmpty": false,
              "_timeout": 60000
            }
          ],
          "passes": [],
          "failures": [],
          "pending": [],
          "skipped": [],
          "duration": 0,
          "root": false,
          "rootEmpty": false,
          "_timeout": 60000
        }
      ],
      "passes": [],
      "failures": [],
      "pending": [],
      "skipped": [],
      "duration": 0,
      "root": true,
      "rootEmpty": true,
      "_timeout": 60000
    }
  ],
  "meta": {
    "mocha": {
      "version": "8.4.0"
    },
    "mochawesome": {
      "options": {
        "quiet": false,
        "reportFilename": "API-Automation-Test-Report",
        "saveHtml": true,
        "saveJson": true,
        "consoleReporter": "spec",
        "useInlineDiffs": false
      },
      "version": "4.1.0"
    },
    "marge": {
      "options": {
        "inlineAssets": "true",
        "reportDir": "mochawesome-report/20:12:55",
        "reportFilename": "API-Automation-Test-Report"
      },
      "version": "4.1.0"
    }
  }
}