{
  "stats": {
    "suites": 7,
    "tests": 24,
    "passes": 21,
    "pending": 1,
    "failures": 2,
    "start": "2021-09-24T21:04:32.433Z",
    "end": "2021-09-24T21:04:42.860Z",
    "duration": 10427,
    "testsRegistered": 24,
    "passPercent": 91.30434782608695,
    "pendingPercent": 4.166666666666666,
    "other": 0,
    "hasOther": false,
    "skipped": 0,
    "hasSkipped": false
  },
  "results": [
    {
      "uuid": "6e06efd3-5840-403d-b890-4ad81b37e323",
      "title": "",
      "fullFile": "",
      "file": "",
      "beforeHooks": [],
      "afterHooks": [],
      "tests": [],
      "suites": [
        {
          "uuid": "3149b392-308d-4522-9514-3577b6cf666d",
          "title": "Validate calculator endpoint",
          "fullFile": "/home/manikandan/Documents/BG_Automation/structure2/index.js",
          "file": "/index.js",
          "beforeHooks": [],
          "afterHooks": [],
          "tests": [],
          "suites": [
            {
              "uuid": "3e006ec2-d34d-4b86-a553-21c31d63baa1",
              "title": "Verify whether the calculator endpoint is returning proper result based on operator and operands",
              "fullFile": "/home/manikandan/Documents/BG_Automation/structure2/index.js",
              "file": "/index.js",
              "beforeHooks": [],
              "afterHooks": [],
              "tests": [
                {
                  "title": "Given set up the test environment details for execution",
                  "fullTitle": "Validate calculator endpoint Verify whether the calculator endpoint is returning proper result based on operator and operands Given set up the test environment details for execution",
                  "timedOut": false,
                  "duration": 6,
                  "state": "passed",
                  "speed": "fast",
                  "pass": true,
                  "fail": false,
                  "pending": false,
                  "context": null,
                  "code": "iterator(this, subject, done);",
                  "err": {},
                  "uuid": "7810893c-d20f-4a26-a513-db17f99a5dc5",
                  "parentUUID": "3e006ec2-d34d-4b86-a553-21c31d63baa1",
                  "isHook": false,
                  "skipped": false
                },
                {
                  "title": "Given trigger POST on calculator endpoint for the operator + with the operands 1,5",
                  "fullTitle": "Validate calculator endpoint Verify whether the calculator endpoint is returning proper result based on operator and operands Given trigger POST on calculator endpoint for the operator + with the operands 1,5",
                  "timedOut": false,
                  "duration": 96,
                  "state": "passed",
                  "speed": "fast",
                  "pass": true,
                  "fail": false,
                  "pending": false,
                  "context": null,
                  "code": "iterator(this, subject, done);",
                  "err": {},
                  "uuid": "995b0db5-0839-47c1-a8cc-1827a03573fa",
                  "parentUUID": "3e006ec2-d34d-4b86-a553-21c31d63baa1",
                  "isHook": false,
                  "skipped": false
                },
                {
                  "title": "When validating the response",
                  "fullTitle": "Validate calculator endpoint Verify whether the calculator endpoint is returning proper result based on operator and operands When validating the response",
                  "timedOut": false,
                  "duration": 3,
                  "state": "passed",
                  "speed": "fast",
                  "pass": true,
                  "fail": false,
                  "pending": false,
                  "context": null,
                  "code": "iterator(this, subject, done);",
                  "err": {},
                  "uuid": "2469bcb3-638e-4bd0-88ce-b675779ee615",
                  "parentUUID": "3e006ec2-d34d-4b86-a553-21c31d63baa1",
                  "isHook": false,
                  "skipped": false
                },
                {
                  "title": "Then the result should be return with expected value 6.00",
                  "fullTitle": "Validate calculator endpoint Verify whether the calculator endpoint is returning proper result based on operator and operands Then the result should be return with expected value 6.00",
                  "timedOut": false,
                  "duration": 5,
                  "state": "passed",
                  "speed": "fast",
                  "pass": true,
                  "fail": false,
                  "pending": false,
                  "context": null,
                  "code": "iterator(this, subject, done);",
                  "err": {},
                  "uuid": "283d409e-f308-4277-ab4d-2fe6ad4cd1ca",
                  "parentUUID": "3e006ec2-d34d-4b86-a553-21c31d63baa1",
                  "isHook": false,
                  "skipped": false
                }
              ],
              "suites": [],
              "passes": [
                "7810893c-d20f-4a26-a513-db17f99a5dc5",
                "995b0db5-0839-47c1-a8cc-1827a03573fa",
                "2469bcb3-638e-4bd0-88ce-b675779ee615",
                "283d409e-f308-4277-ab4d-2fe6ad4cd1ca"
              ],
              "failures": [],
              "pending": [],
              "skipped": [],
              "duration": 110,
              "root": false,
              "rootEmpty": false,
              "_timeout": 60000
            },
            {
              "uuid": "6296e4b8-e425-40a8-8409-7aaec2142722",
              "title": "Verify whether the calculator endpoint is returning proper result based on operator and operands",
              "fullFile": "/home/manikandan/Documents/BG_Automation/structure2/index.js",
              "file": "/index.js",
              "beforeHooks": [],
              "afterHooks": [],
              "tests": [
                {
                  "title": "Given set up the test environment details for execution",
                  "fullTitle": "Validate calculator endpoint Verify whether the calculator endpoint is returning proper result based on operator and operands Given set up the test environment details for execution",
                  "timedOut": false,
                  "duration": 1,
                  "state": "passed",
                  "speed": "fast",
                  "pass": true,
                  "fail": false,
                  "pending": false,
                  "context": null,
                  "code": "iterator(this, subject, done);",
                  "err": {},
                  "uuid": "7b881863-3aa9-479f-831b-ebcda7b244c6",
                  "parentUUID": "6296e4b8-e425-40a8-8409-7aaec2142722",
                  "isHook": false,
                  "skipped": false
                },
                {
                  "title": "Given trigger POST on calculator endpoint for the operator - with the operands 5,1",
                  "fullTitle": "Validate calculator endpoint Verify whether the calculator endpoint is returning proper result based on operator and operands Given trigger POST on calculator endpoint for the operator - with the operands 5,1",
                  "timedOut": false,
                  "duration": 71,
                  "state": "passed",
                  "speed": "fast",
                  "pass": true,
                  "fail": false,
                  "pending": false,
                  "context": null,
                  "code": "iterator(this, subject, done);",
                  "err": {},
                  "uuid": "3890b7c1-9b19-44a1-b283-bd16ab11c7b1",
                  "parentUUID": "6296e4b8-e425-40a8-8409-7aaec2142722",
                  "isHook": false,
                  "skipped": false
                },
                {
                  "title": "When validating the response",
                  "fullTitle": "Validate calculator endpoint Verify whether the calculator endpoint is returning proper result based on operator and operands When validating the response",
                  "timedOut": false,
                  "duration": 2,
                  "state": "failed",
                  "speed": null,
                  "pass": false,
                  "fail": true,
                  "pending": false,
                  "context": null,
                  "code": "iterator(this, subject, done);",
                  "err": {
                    "message": "AssertionError: expected undefined to deeply equal 200",
                    "estack": "AssertionError: expected undefined to deeply equal 200\n    at _callee$ (helper/basicValidation.js:5:35)\n    at tryCatch (node_modules/regenerator-runtime/runtime.js:63:40)\n    at Generator.invoke [as _invoke] (node_modules/regenerator-runtime/runtime.js:294:22)\n    at Generator.next (node_modules/regenerator-runtime/runtime.js:119:21)\n    at asyncGeneratorStep (helper/basicValidation.js:10:103)\n    at _next (helper/basicValidation.js:12:194)\n    at /home/manikandan/Documents/BG_Automation/structure2/helper/basicValidation.js:12:364\n    at new Promise (<anonymous>)\n    at Object.<anonymous> (helper/basicValidation.js:12:97)\n    at Object.call (helper/basicValidation.js:15:28)\n    at Object._callee$ (steps/when/lib/when-steps.js:8:34)\n    at tryCatch (node_modules/regenerator-runtime/runtime.js:63:40)\n    at Generator.invoke [as _invoke] (node_modules/regenerator-runtime/runtime.js:294:22)\n    at Generator.next (node_modules/regenerator-runtime/runtime.js:119:21)\n    at asyncGeneratorStep (steps/when/lib/when-steps.js:10:103)\n    at _next (steps/when/lib/when-steps.js:12:194)\n    at /home/manikandan/Documents/BG_Automation/structure2/steps/when/lib/when-steps.js:12:364\n    at new Promise (<anonymous>)\n    at Object.<anonymous> (steps/when/lib/when-steps.js:12:97)\n    at Object.invoke (node_modules/yadda/lib/fn.js:15:19)\n    at /home/manikandan/Documents/BG_Automation/structure2/node_modules/yadda/lib/Macro.js:37:29\n    at /home/manikandan/Documents/BG_Automation/structure2/node_modules/yadda/lib/Array.js:85:13\n    at each_async (node_modules/yadda/lib/Array.js:55:35)\n    at Array.collect_async (node_modules/yadda/lib/Array.js:77:9)\n    at Array.collect_async (node_modules/yadda/lib/fn.js:10:23)\n    at convert (node_modules/yadda/lib/Macro.js:83:12)\n    at Macro.interpret (node_modules/yadda/lib/Macro.js:32:9)\n    at Interpreter.interpret_step (node_modules/yadda/lib/Interpreter.js:59:15)\n    at iterator (node_modules/yadda/lib/Interpreter.js:49:19)\n    at iterate (node_modules/yadda/lib/Array.js:58:13)\n    at Array.each_async (node_modules/yadda/lib/Array.js:64:9)\n    at Array.each_async (node_modules/yadda/lib/fn.js:10:23)\n    at Interpreter.interpret (node_modules/yadda/lib/Interpreter.js:44:21)\n    at Yadda.yadda (node_modules/yadda/lib/Yadda.js:25:26)\n    at Context.<anonymous> (node_modules/ya-done-api/src/lib/yadda-core.js:32:31)\n    at /home/manikandan/Documents/BG_Automation/structure2/node_modules/yadda/lib/plugins/mocha/StepLevelPlugin.js:37:39\n    at Context.<anonymous> (node_modules/yadda/lib/plugins/mocha/BasePlugin.js:38:13)\n    at processImmediate (internal/timers.js:456:21)",
                    "diff": null
                  },
                  "uuid": "d0b303ab-742f-4efb-9c68-01070972875f",
                  "parentUUID": "6296e4b8-e425-40a8-8409-7aaec2142722",
                  "isHook": false,
                  "skipped": false
                },
                {
                  "title": "Then the result should be return with expected value 4.00",
                  "fullTitle": "Validate calculator endpoint Verify whether the calculator endpoint is returning proper result based on operator and operands Then the result should be return with expected value 4.00",
                  "timedOut": false,
                  "duration": 0,
                  "state": "pending",
                  "speed": null,
                  "pass": false,
                  "fail": false,
                  "pending": true,
                  "context": null,
                  "code": "iterator(this, subject, done);",
                  "err": {},
                  "uuid": "1a57ca8a-f151-415b-b5a8-c42ff0399340",
                  "parentUUID": "6296e4b8-e425-40a8-8409-7aaec2142722",
                  "isHook": false,
                  "skipped": false
                }
              ],
              "suites": [],
              "passes": [
                "7b881863-3aa9-479f-831b-ebcda7b244c6",
                "3890b7c1-9b19-44a1-b283-bd16ab11c7b1"
              ],
              "failures": [
                "d0b303ab-742f-4efb-9c68-01070972875f"
              ],
              "pending": [
                "1a57ca8a-f151-415b-b5a8-c42ff0399340"
              ],
              "skipped": [],
              "duration": 74,
              "root": false,
              "rootEmpty": false,
              "_timeout": 60000
            },
            {
              "uuid": "4a7a6235-4095-4961-8e70-c289e1581e4e",
              "title": "Verify whether the calculator endpoint is returning proper result based on operator and operands",
              "fullFile": "/home/manikandan/Documents/BG_Automation/structure2/index.js",
              "file": "/index.js",
              "beforeHooks": [],
              "afterHooks": [],
              "tests": [
                {
                  "title": "Given set up the test environment details for execution",
                  "fullTitle": "Validate calculator endpoint Verify whether the calculator endpoint is returning proper result based on operator and operands Given set up the test environment details for execution",
                  "timedOut": false,
                  "duration": 1,
                  "state": "passed",
                  "speed": "fast",
                  "pass": true,
                  "fail": false,
                  "pending": false,
                  "context": null,
                  "code": "iterator(this, subject, done);",
                  "err": {},
                  "uuid": "99a439af-eb47-4183-a67a-a26bfd4dd5d5",
                  "parentUUID": "4a7a6235-4095-4961-8e70-c289e1581e4e",
                  "isHook": false,
                  "skipped": false
                },
                {
                  "title": "Given trigger POST on calculator endpoint for the operator * with the operands 5,20",
                  "fullTitle": "Validate calculator endpoint Verify whether the calculator endpoint is returning proper result based on operator and operands Given trigger POST on calculator endpoint for the operator * with the operands 5,20",
                  "timedOut": false,
                  "duration": 10065,
                  "state": "passed",
                  "speed": "slow",
                  "pass": true,
                  "fail": false,
                  "pending": false,
                  "context": null,
                  "code": "iterator(this, subject, done);",
                  "err": {},
                  "uuid": "c96b7885-e97d-409c-8492-46cb423123da",
                  "parentUUID": "4a7a6235-4095-4961-8e70-c289e1581e4e",
                  "isHook": false,
                  "skipped": false
                },
                {
                  "title": "When validating the response",
                  "fullTitle": "Validate calculator endpoint Verify whether the calculator endpoint is returning proper result based on operator and operands When validating the response",
                  "timedOut": false,
                  "duration": 2,
                  "state": "passed",
                  "speed": "fast",
                  "pass": true,
                  "fail": false,
                  "pending": false,
                  "context": null,
                  "code": "iterator(this, subject, done);",
                  "err": {},
                  "uuid": "40c73499-2117-42a5-88fa-c5916bc1dc16",
                  "parentUUID": "4a7a6235-4095-4961-8e70-c289e1581e4e",
                  "isHook": false,
                  "skipped": false
                },
                {
                  "title": "Then the result should be return with expected value 100.00",
                  "fullTitle": "Validate calculator endpoint Verify whether the calculator endpoint is returning proper result based on operator and operands Then the result should be return with expected value 100.00",
                  "timedOut": false,
                  "duration": 3,
                  "state": "passed",
                  "speed": "fast",
                  "pass": true,
                  "fail": false,
                  "pending": false,
                  "context": null,
                  "code": "iterator(this, subject, done);",
                  "err": {},
                  "uuid": "1120d1ee-91bb-4987-af24-5ab5fd059fec",
                  "parentUUID": "4a7a6235-4095-4961-8e70-c289e1581e4e",
                  "isHook": false,
                  "skipped": false
                }
              ],
              "suites": [],
              "passes": [
                "99a439af-eb47-4183-a67a-a26bfd4dd5d5",
                "c96b7885-e97d-409c-8492-46cb423123da",
                "40c73499-2117-42a5-88fa-c5916bc1dc16",
                "1120d1ee-91bb-4987-af24-5ab5fd059fec"
              ],
              "failures": [],
              "pending": [],
              "skipped": [],
              "duration": 10071,
              "root": false,
              "rootEmpty": false,
              "_timeout": 60000
            },
            {
              "uuid": "2d1896e8-1831-434e-9e20-88cfe76486cf",
              "title": "Verify whether the calculator endpoint is returning proper result based on operator and operands",
              "fullFile": "/home/manikandan/Documents/BG_Automation/structure2/index.js",
              "file": "/index.js",
              "beforeHooks": [],
              "afterHooks": [],
              "tests": [
                {
                  "title": "Given set up the test environment details for execution",
                  "fullTitle": "Validate calculator endpoint Verify whether the calculator endpoint is returning proper result based on operator and operands Given set up the test environment details for execution",
                  "timedOut": false,
                  "duration": 3,
                  "state": "passed",
                  "speed": "fast",
                  "pass": true,
                  "fail": false,
                  "pending": false,
                  "context": null,
                  "code": "iterator(this, subject, done);",
                  "err": {},
                  "uuid": "8501ff4b-1e93-463f-8689-62d3ff482502",
                  "parentUUID": "2d1896e8-1831-434e-9e20-88cfe76486cf",
                  "isHook": false,
                  "skipped": false
                },
                {
                  "title": "Given trigger POST on calculator endpoint for the operator / with the operands 20,5",
                  "fullTitle": "Validate calculator endpoint Verify whether the calculator endpoint is returning proper result based on operator and operands Given trigger POST on calculator endpoint for the operator / with the operands 20,5",
                  "timedOut": false,
                  "duration": 45,
                  "state": "passed",
                  "speed": "fast",
                  "pass": true,
                  "fail": false,
                  "pending": false,
                  "context": null,
                  "code": "iterator(this, subject, done);",
                  "err": {},
                  "uuid": "29b5c428-cd4a-453e-ade5-1e218c2ce4c3",
                  "parentUUID": "2d1896e8-1831-434e-9e20-88cfe76486cf",
                  "isHook": false,
                  "skipped": false
                },
                {
                  "title": "When validating the response",
                  "fullTitle": "Validate calculator endpoint Verify whether the calculator endpoint is returning proper result based on operator and operands When validating the response",
                  "timedOut": false,
                  "duration": 1,
                  "state": "passed",
                  "speed": "fast",
                  "pass": true,
                  "fail": false,
                  "pending": false,
                  "context": null,
                  "code": "iterator(this, subject, done);",
                  "err": {},
                  "uuid": "f67bbc09-044b-43b5-97f8-929e8ded6ba3",
                  "parentUUID": "2d1896e8-1831-434e-9e20-88cfe76486cf",
                  "isHook": false,
                  "skipped": false
                },
                {
                  "title": "Then the result should be return with expected value 4.00",
                  "fullTitle": "Validate calculator endpoint Verify whether the calculator endpoint is returning proper result based on operator and operands Then the result should be return with expected value 4.00",
                  "timedOut": false,
                  "duration": 1,
                  "state": "passed",
                  "speed": "fast",
                  "pass": true,
                  "fail": false,
                  "pending": false,
                  "context": null,
                  "code": "iterator(this, subject, done);",
                  "err": {},
                  "uuid": "21f60a30-b611-43be-b217-a6c44f420f8f",
                  "parentUUID": "2d1896e8-1831-434e-9e20-88cfe76486cf",
                  "isHook": false,
                  "skipped": false
                }
              ],
              "suites": [],
              "passes": [
                "8501ff4b-1e93-463f-8689-62d3ff482502",
                "29b5c428-cd4a-453e-ade5-1e218c2ce4c3",
                "f67bbc09-044b-43b5-97f8-929e8ded6ba3",
                "21f60a30-b611-43be-b217-a6c44f420f8f"
              ],
              "failures": [],
              "pending": [],
              "skipped": [],
              "duration": 50,
              "root": false,
              "rootEmpty": false,
              "_timeout": 60000
            },
            {
              "uuid": "b008ee19-3aa9-420e-adb8-0413dd7e5b05",
              "title": "Verify whether the calculator endpoint is returning proper result based on operator and operands",
              "fullFile": "/home/manikandan/Documents/BG_Automation/structure2/index.js",
              "file": "/index.js",
              "beforeHooks": [],
              "afterHooks": [],
              "tests": [
                {
                  "title": "Given set up the test environment details for execution",
                  "fullTitle": "Validate calculator endpoint Verify whether the calculator endpoint is returning proper result based on operator and operands Given set up the test environment details for execution",
                  "timedOut": false,
                  "duration": 1,
                  "state": "passed",
                  "speed": "fast",
                  "pass": true,
                  "fail": false,
                  "pending": false,
                  "context": null,
                  "code": "iterator(this, subject, done);",
                  "err": {},
                  "uuid": "75395c71-3b33-4e16-9065-cde41ea8c64b",
                  "parentUUID": "b008ee19-3aa9-420e-adb8-0413dd7e5b05",
                  "isHook": false,
                  "skipped": false
                },
                {
                  "title": "Given trigger POST on calculator endpoint for the operator sqr with the operands 9",
                  "fullTitle": "Validate calculator endpoint Verify whether the calculator endpoint is returning proper result based on operator and operands Given trigger POST on calculator endpoint for the operator sqr with the operands 9",
                  "timedOut": false,
                  "duration": 43,
                  "state": "passed",
                  "speed": "fast",
                  "pass": true,
                  "fail": false,
                  "pending": false,
                  "context": null,
                  "code": "iterator(this, subject, done);",
                  "err": {},
                  "uuid": "33737670-5b20-43da-bd2f-7957146eb360",
                  "parentUUID": "b008ee19-3aa9-420e-adb8-0413dd7e5b05",
                  "isHook": false,
                  "skipped": false
                },
                {
                  "title": "When validating the response",
                  "fullTitle": "Validate calculator endpoint Verify whether the calculator endpoint is returning proper result based on operator and operands When validating the response",
                  "timedOut": false,
                  "duration": 1,
                  "state": "passed",
                  "speed": "fast",
                  "pass": true,
                  "fail": false,
                  "pending": false,
                  "context": null,
                  "code": "iterator(this, subject, done);",
                  "err": {},
                  "uuid": "b2614e2b-df5d-4c0b-b7da-6df1ffb80fea",
                  "parentUUID": "b008ee19-3aa9-420e-adb8-0413dd7e5b05",
                  "isHook": false,
                  "skipped": false
                },
                {
                  "title": "Then the result should be return with expected value 3.00",
                  "fullTitle": "Validate calculator endpoint Verify whether the calculator endpoint is returning proper result based on operator and operands Then the result should be return with expected value 3.00",
                  "timedOut": false,
                  "duration": 2,
                  "state": "passed",
                  "speed": "fast",
                  "pass": true,
                  "fail": false,
                  "pending": false,
                  "context": null,
                  "code": "iterator(this, subject, done);",
                  "err": {},
                  "uuid": "fea8985a-22d8-4489-9fda-aab5bde60c27",
                  "parentUUID": "b008ee19-3aa9-420e-adb8-0413dd7e5b05",
                  "isHook": false,
                  "skipped": false
                }
              ],
              "suites": [],
              "passes": [
                "75395c71-3b33-4e16-9065-cde41ea8c64b",
                "33737670-5b20-43da-bd2f-7957146eb360",
                "b2614e2b-df5d-4c0b-b7da-6df1ffb80fea",
                "fea8985a-22d8-4489-9fda-aab5bde60c27"
              ],
              "failures": [],
              "pending": [],
              "skipped": [],
              "duration": 47,
              "root": false,
              "rootEmpty": false,
              "_timeout": 60000
            },
            {
              "uuid": "c1f9ce51-4a40-4a1e-9a9a-7bf6d7e9ff25",
              "title": "Verify whether the calculator endpoint is returning proper result based on operator and operands",
              "fullFile": "/home/manikandan/Documents/BG_Automation/structure2/index.js",
              "file": "/index.js",
              "beforeHooks": [],
              "afterHooks": [],
              "tests": [
                {
                  "title": "Given set up the test environment details for execution",
                  "fullTitle": "Validate calculator endpoint Verify whether the calculator endpoint is returning proper result based on operator and operands Given set up the test environment details for execution",
                  "timedOut": false,
                  "duration": 1,
                  "state": "passed",
                  "speed": "fast",
                  "pass": true,
                  "fail": false,
                  "pending": false,
                  "context": null,
                  "code": "iterator(this, subject, done);",
                  "err": {},
                  "uuid": "bdcbbda7-f742-45a9-a4f8-de5bc605c878",
                  "parentUUID": "c1f9ce51-4a40-4a1e-9a9a-7bf6d7e9ff25",
                  "isHook": false,
                  "skipped": false
                },
                {
                  "title": "Given trigger POST on calculator endpoint for the operator pwr with the operands 2,5",
                  "fullTitle": "Validate calculator endpoint Verify whether the calculator endpoint is returning proper result based on operator and operands Given trigger POST on calculator endpoint for the operator pwr with the operands 2,5",
                  "timedOut": false,
                  "duration": 40,
                  "state": "passed",
                  "speed": "fast",
                  "pass": true,
                  "fail": false,
                  "pending": false,
                  "context": null,
                  "code": "iterator(this, subject, done);",
                  "err": {},
                  "uuid": "f4d76e34-4ffd-48b3-9712-c9195ebcb1eb",
                  "parentUUID": "c1f9ce51-4a40-4a1e-9a9a-7bf6d7e9ff25",
                  "isHook": false,
                  "skipped": false
                },
                {
                  "title": "When validating the response",
                  "fullTitle": "Validate calculator endpoint Verify whether the calculator endpoint is returning proper result based on operator and operands When validating the response",
                  "timedOut": false,
                  "duration": 1,
                  "state": "passed",
                  "speed": "fast",
                  "pass": true,
                  "fail": false,
                  "pending": false,
                  "context": null,
                  "code": "iterator(this, subject, done);",
                  "err": {},
                  "uuid": "1749822a-0748-48a2-b8be-5e57c552778b",
                  "parentUUID": "c1f9ce51-4a40-4a1e-9a9a-7bf6d7e9ff25",
                  "isHook": false,
                  "skipped": false
                },
                {
                  "title": "Then the result should be return with expected value 32.00",
                  "fullTitle": "Validate calculator endpoint Verify whether the calculator endpoint is returning proper result based on operator and operands Then the result should be return with expected value 32.00",
                  "timedOut": false,
                  "duration": 1,
                  "state": "failed",
                  "speed": null,
                  "pass": false,
                  "fail": true,
                  "pending": false,
                  "context": null,
                  "code": "iterator(this, subject, done);",
                  "err": {
                    "message": "AssertionError: expected '25.00' to equal '32.00'",
                    "estack": "AssertionError: expected '25.00' to equal '32.00'\n    at Object._callee3$ (api-calls/calculator.js:32:58)\n    at tryCatch (node_modules/regenerator-runtime/runtime.js:63:40)\n    at Generator.invoke [as _invoke] (node_modules/regenerator-runtime/runtime.js:294:22)\n    at Generator.next (node_modules/regenerator-runtime/runtime.js:119:21)\n    at asyncGeneratorStep (api-calls/calculator.js:20:103)\n    at _next (api-calls/calculator.js:22:194)\n    at /home/manikandan/Documents/BG_Automation/structure2/api-calls/calculator.js:22:364\n    at new Promise (<anonymous>)\n    at Object.<anonymous> (api-calls/calculator.js:22:97)\n    at Object.call (api-calls/calculator.js:94:31)\n    at Object._callee$ (steps/then/lib/then-steps.js:8:37)\n    at tryCatch (node_modules/regenerator-runtime/runtime.js:63:40)\n    at Generator.invoke [as _invoke] (node_modules/regenerator-runtime/runtime.js:294:22)\n    at Generator.next (node_modules/regenerator-runtime/runtime.js:119:21)\n    at asyncGeneratorStep (steps/then/lib/then-steps.js:10:103)\n    at _next (steps/then/lib/then-steps.js:12:194)\n    at /home/manikandan/Documents/BG_Automation/structure2/steps/then/lib/then-steps.js:12:364\n    at new Promise (<anonymous>)\n    at Object.<anonymous> (steps/then/lib/then-steps.js:12:97)\n    at Object.<anonymous> (steps/then/lib/then-steps.js:6:5)\n    at Object.invoke (node_modules/yadda/lib/fn.js:15:19)\n    at /home/manikandan/Documents/BG_Automation/structure2/node_modules/yadda/lib/Macro.js:37:29\n    at /home/manikandan/Documents/BG_Automation/structure2/node_modules/yadda/lib/Array.js:85:13\n    at /home/manikandan/Documents/BG_Automation/structure2/node_modules/yadda/lib/Array.js:60:53\n    at /home/manikandan/Documents/BG_Automation/structure2/node_modules/yadda/lib/Array.js:81:17\n    at pass_through_converter (node_modules/yadda/lib/converters/pass-through-converter.js:4:12)\n    at /home/manikandan/Documents/BG_Automation/structure2/node_modules/yadda/lib/Macro.js:81:27\n    at /home/manikandan/Documents/BG_Automation/structure2/node_modules/yadda/lib/Macro.js:84:13\n    at /home/manikandan/Documents/BG_Automation/structure2/node_modules/yadda/lib/Array.js:78:13\n    at iterate (node_modules/yadda/lib/Array.js:58:13)\n    at each_async (node_modules/yadda/lib/Array.js:64:9)\n    at Array.collect_async (node_modules/yadda/lib/Array.js:77:9)\n    at Array.collect_async (node_modules/yadda/lib/fn.js:10:23)\n    at convert (node_modules/yadda/lib/Macro.js:83:12)\n    at Macro.interpret (node_modules/yadda/lib/Macro.js:32:9)\n    at Interpreter.interpret_step (node_modules/yadda/lib/Interpreter.js:59:15)\n    at iterator (node_modules/yadda/lib/Interpreter.js:49:19)\n    at iterate (node_modules/yadda/lib/Array.js:58:13)\n    at Array.each_async (node_modules/yadda/lib/Array.js:64:9)\n    at Array.each_async (node_modules/yadda/lib/fn.js:10:23)\n    at Interpreter.interpret (node_modules/yadda/lib/Interpreter.js:44:21)\n    at Yadda.yadda (node_modules/yadda/lib/Yadda.js:25:26)\n    at Context.<anonymous> (node_modules/ya-done-api/src/lib/yadda-core.js:32:31)\n    at /home/manikandan/Documents/BG_Automation/structure2/node_modules/yadda/lib/plugins/mocha/StepLevelPlugin.js:37:39\n    at Context.<anonymous> (node_modules/yadda/lib/plugins/mocha/BasePlugin.js:38:13)\n    at processImmediate (internal/timers.js:456:21)",
                    "diff": "- 25.00\n+ 32.00\n"
                  },
                  "uuid": "5a79b66e-c34d-48ef-b709-b07d7fab1611",
                  "parentUUID": "c1f9ce51-4a40-4a1e-9a9a-7bf6d7e9ff25",
                  "isHook": false,
                  "skipped": false
                }
              ],
              "suites": [],
              "passes": [
                "bdcbbda7-f742-45a9-a4f8-de5bc605c878",
                "f4d76e34-4ffd-48b3-9712-c9195ebcb1eb",
                "1749822a-0748-48a2-b8be-5e57c552778b"
              ],
              "failures": [
                "5a79b66e-c34d-48ef-b709-b07d7fab1611"
              ],
              "pending": [],
              "skipped": [],
              "duration": 43,
              "root": false,
              "rootEmpty": false,
              "_timeout": 60000
            }
          ],
          "passes": [],
          "failures": [],
          "pending": [],
          "skipped": [],
          "duration": 0,
          "root": false,
          "rootEmpty": false,
          "_timeout": 60000
        }
      ],
      "passes": [],
      "failures": [],
      "pending": [],
      "skipped": [],
      "duration": 0,
      "root": true,
      "rootEmpty": true,
      "_timeout": 60000
    }
  ],
  "meta": {
    "mocha": {
      "version": "8.4.0"
    },
    "mochawesome": {
      "options": {
        "quiet": false,
        "reportFilename": "API-Automation-Test-Report",
        "saveHtml": true,
        "saveJson": true,
        "consoleReporter": "spec",
        "useInlineDiffs": false
      },
      "version": "4.1.0"
    },
    "marge": {
      "options": {
        "inlineAssets": "true",
        "reportDir": "mochawesome-report/22:4:31",
        "reportFilename": "API-Automation-Test-Report"
      },
      "version": "4.1.0"
    }
  }
}