{
  "stats": {
    "suites": 2,
    "tests": 4,
    "passes": 3,
    "pending": 0,
    "failures": 1,
    "start": "2021-09-24T20:35:39.740Z",
    "end": "2021-09-24T20:35:39.855Z",
    "duration": 115,
    "testsRegistered": 4,
    "passPercent": 75,
    "pendingPercent": 0,
    "other": 0,
    "hasOther": false,
    "skipped": 0,
    "hasSkipped": false
  },
  "results": [
    {
      "uuid": "5df0fac0-10f9-4bbd-8a57-3f7c63de15c5",
      "title": "",
      "fullFile": "",
      "file": "",
      "beforeHooks": [],
      "afterHooks": [],
      "tests": [],
      "suites": [
        {
          "uuid": "5cb27da5-f10b-43b6-b8b8-4c41eab939b0",
          "title": "Sample Feature to Test the package",
          "fullFile": "/home/manikandan/Documents/BG_Automation/structure2/index.js",
          "file": "/index.js",
          "beforeHooks": [],
          "afterHooks": [],
          "tests": [],
          "suites": [
            {
              "uuid": "7839b2a7-a378-4d33-ba24-67da4e843b09",
              "title": "testing",
              "fullFile": "/home/manikandan/Documents/BG_Automation/structure2/index.js",
              "file": "/index.js",
              "beforeHooks": [],
              "afterHooks": [],
              "tests": [
                {
                  "title": "Given set up the test environment details for execution",
                  "fullTitle": "Sample Feature to Test the package testing Given set up the test environment details for execution",
                  "timedOut": false,
                  "duration": 6,
                  "state": "passed",
                  "speed": "fast",
                  "pass": true,
                  "fail": false,
                  "pending": false,
                  "context": null,
                  "code": "iterator(this, subject, done);",
                  "err": {},
                  "uuid": "edbe5fc2-21fa-435d-b0cd-07290d86aaee",
                  "parentUUID": "7839b2a7-a378-4d33-ba24-67da4e843b09",
                  "isHook": false,
                  "skipped": false
                },
                {
                  "title": "Given trigger POST on calculator endpoint for the operator + with the operands 5,6",
                  "fullTitle": "Sample Feature to Test the package testing Given trigger POST on calculator endpoint for the operator + with the operands 5,6",
                  "timedOut": false,
                  "duration": 74,
                  "state": "passed",
                  "speed": "fast",
                  "pass": true,
                  "fail": false,
                  "pending": false,
                  "context": null,
                  "code": "iterator(this, subject, done);",
                  "err": {},
                  "uuid": "cd5673ca-ff28-46c9-927c-43edf59563fd",
                  "parentUUID": "7839b2a7-a378-4d33-ba24-67da4e843b09",
                  "isHook": false,
                  "skipped": false
                },
                {
                  "title": "When validating the response",
                  "fullTitle": "Sample Feature to Test the package testing When validating the response",
                  "timedOut": false,
                  "duration": 4,
                  "state": "passed",
                  "speed": "fast",
                  "pass": true,
                  "fail": false,
                  "pending": false,
                  "context": null,
                  "code": "iterator(this, subject, done);",
                  "err": {},
                  "uuid": "65b57cc8-7d02-4f5e-949c-f600256dd365",
                  "parentUUID": "7839b2a7-a378-4d33-ba24-67da4e843b09",
                  "isHook": false,
                  "skipped": false
                },
                {
                  "title": "Then the result should be return with expected value 11.00",
                  "fullTitle": "Sample Feature to Test the package testing Then the result should be return with expected value 11.00",
                  "timedOut": false,
                  "duration": 4,
                  "state": "failed",
                  "speed": null,
                  "pass": false,
                  "fail": true,
                  "pending": false,
                  "context": null,
                  "code": "iterator(this, subject, done);",
                  "err": {
                    "message": "AssertionError: expected 11 to equal '11.00'",
                    "estack": "AssertionError: expected 11 to equal '11.00'\n    at Object._callee3$ (api-calls/calculator.js:32:35)\n    at tryCatch (node_modules/regenerator-runtime/runtime.js:63:40)\n    at Generator.invoke [as _invoke] (node_modules/regenerator-runtime/runtime.js:294:22)\n    at Generator.next (node_modules/regenerator-runtime/runtime.js:119:21)\n    at asyncGeneratorStep (api-calls/calculator.js:20:103)\n    at _next (api-calls/calculator.js:22:194)\n    at /home/manikandan/Documents/BG_Automation/structure2/api-calls/calculator.js:22:364\n    at new Promise (<anonymous>)\n    at Object.<anonymous> (api-calls/calculator.js:22:97)\n    at Object._validateTheResponse (api-calls/calculator.js:114:31)\n    at Object.call (api-calls/calculator.js:94:31)\n    at Object._callee$ (steps/then/lib/then-steps.js:8:37)\n    at tryCatch (node_modules/regenerator-runtime/runtime.js:63:40)\n    at Generator.invoke [as _invoke] (node_modules/regenerator-runtime/runtime.js:294:22)\n    at Generator.next (node_modules/regenerator-runtime/runtime.js:119:21)\n    at asyncGeneratorStep (steps/then/lib/then-steps.js:10:103)\n    at _next (steps/then/lib/then-steps.js:12:194)\n    at /home/manikandan/Documents/BG_Automation/structure2/steps/then/lib/then-steps.js:12:364\n    at new Promise (<anonymous>)\n    at Object.<anonymous> (steps/then/lib/then-steps.js:12:97)\n    at Object.<anonymous> (steps/then/lib/then-steps.js:6:5)\n    at Object.invoke (node_modules/yadda/lib/fn.js:15:19)\n    at /home/manikandan/Documents/BG_Automation/structure2/node_modules/yadda/lib/Macro.js:37:29\n    at /home/manikandan/Documents/BG_Automation/structure2/node_modules/yadda/lib/Array.js:85:13\n    at /home/manikandan/Documents/BG_Automation/structure2/node_modules/yadda/lib/Array.js:60:53\n    at /home/manikandan/Documents/BG_Automation/structure2/node_modules/yadda/lib/Array.js:81:17\n    at pass_through_converter (node_modules/yadda/lib/converters/pass-through-converter.js:4:12)\n    at /home/manikandan/Documents/BG_Automation/structure2/node_modules/yadda/lib/Macro.js:81:27\n    at /home/manikandan/Documents/BG_Automation/structure2/node_modules/yadda/lib/Macro.js:84:13\n    at /home/manikandan/Documents/BG_Automation/structure2/node_modules/yadda/lib/Array.js:78:13\n    at iterate (node_modules/yadda/lib/Array.js:58:13)\n    at each_async (node_modules/yadda/lib/Array.js:64:9)\n    at Array.collect_async (node_modules/yadda/lib/Array.js:77:9)\n    at Array.collect_async (node_modules/yadda/lib/fn.js:10:23)\n    at convert (node_modules/yadda/lib/Macro.js:83:12)\n    at Macro.interpret (node_modules/yadda/lib/Macro.js:32:9)\n    at Interpreter.interpret_step (node_modules/yadda/lib/Interpreter.js:59:15)\n    at iterator (node_modules/yadda/lib/Interpreter.js:49:19)\n    at iterate (node_modules/yadda/lib/Array.js:58:13)\n    at Array.each_async (node_modules/yadda/lib/Array.js:64:9)\n    at Array.each_async (node_modules/yadda/lib/fn.js:10:23)\n    at Interpreter.interpret (node_modules/yadda/lib/Interpreter.js:44:21)\n    at Yadda.yadda (node_modules/yadda/lib/Yadda.js:25:26)\n    at Context.<anonymous> (node_modules/ya-done-api/src/lib/yadda-core.js:32:31)\n    at /home/manikandan/Documents/BG_Automation/structure2/node_modules/yadda/lib/plugins/mocha/StepLevelPlugin.js:37:39\n    at Context.<anonymous> (node_modules/yadda/lib/plugins/mocha/BasePlugin.js:38:13)\n    at processImmediate (internal/timers.js:456:21)",
                    "diff": null
                  },
                  "uuid": "f9be5e04-6f18-43f9-ac5f-b0049d759b59",
                  "parentUUID": "7839b2a7-a378-4d33-ba24-67da4e843b09",
                  "isHook": false,
                  "skipped": false
                }
              ],
              "suites": [],
              "passes": [
                "edbe5fc2-21fa-435d-b0cd-07290d86aaee",
                "cd5673ca-ff28-46c9-927c-43edf59563fd",
                "65b57cc8-7d02-4f5e-949c-f600256dd365"
              ],
              "failures": [
                "f9be5e04-6f18-43f9-ac5f-b0049d759b59"
              ],
              "pending": [],
              "skipped": [],
              "duration": 88,
              "root": false,
              "rootEmpty": false,
              "_timeout": 60000
            }
          ],
          "passes": [],
          "failures": [],
          "pending": [],
          "skipped": [],
          "duration": 0,
          "root": false,
          "rootEmpty": false,
          "_timeout": 60000
        }
      ],
      "passes": [],
      "failures": [],
      "pending": [],
      "skipped": [],
      "duration": 0,
      "root": true,
      "rootEmpty": true,
      "_timeout": 60000
    }
  ],
  "meta": {
    "mocha": {
      "version": "8.4.0"
    },
    "mochawesome": {
      "options": {
        "quiet": false,
        "reportFilename": "API-Automation-Test-Report",
        "saveHtml": true,
        "saveJson": true,
        "consoleReporter": "spec",
        "useInlineDiffs": false
      },
      "version": "4.1.0"
    },
    "marge": {
      "options": {
        "inlineAssets": "true",
        "reportDir": "mochawesome-report/21:35:38",
        "reportFilename": "API-Automation-Test-Report"
      },
      "version": "4.1.0"
    }
  }
}