{
  "stats": {
    "suites": 2,
    "tests": 1,
    "passes": 1,
    "pending": 0,
    "failures": 0,
    "start": "2021-09-24T19:23:01.645Z",
    "end": "2021-09-24T19:23:01.673Z",
    "duration": 28,
    "testsRegistered": 1,
    "passPercent": 100,
    "pendingPercent": 0,
    "other": 0,
    "hasOther": false,
    "skipped": 0,
    "hasSkipped": false
  },
  "results": [
    {
      "uuid": "7b63ba13-8f90-44ad-b066-ef5b72a22142",
      "title": "",
      "fullFile": "",
      "file": "",
      "beforeHooks": [],
      "afterHooks": [],
      "tests": [],
      "suites": [
        {
          "uuid": "2c930c8f-0aab-4f66-b285-b655d1a7b7ed",
          "title": "Sample Feature to Test the package",
          "fullFile": "/home/manikandan/Documents/BG_Automation/structure2/index.js",
          "file": "/index.js",
          "beforeHooks": [],
          "afterHooks": [],
          "tests": [],
          "suites": [
            {
              "uuid": "f7d665c5-99c6-4364-9607-643cc53c6117",
              "title": "testing",
              "fullFile": "/home/manikandan/Documents/BG_Automation/structure2/index.js",
              "file": "/index.js",
              "beforeHooks": [],
              "afterHooks": [],
              "tests": [
                {
                  "title": "Given trigger POST on calculator endpoint for the operator + with the operands 5,6",
                  "fullTitle": "Sample Feature to Test the package testing Given trigger POST on calculator endpoint for the operator + with the operands 5,6",
                  "timedOut": false,
                  "duration": 24,
                  "state": "passed",
                  "speed": "fast",
                  "pass": true,
                  "fail": false,
                  "pending": false,
                  "context": null,
                  "code": "iterator(this, subject, done);",
                  "err": {},
                  "uuid": "42da23d3-5fef-4d34-a60c-f0ba8bb9c37f",
                  "parentUUID": "f7d665c5-99c6-4364-9607-643cc53c6117",
                  "isHook": false,
                  "skipped": false
                }
              ],
              "suites": [],
              "passes": [
                "42da23d3-5fef-4d34-a60c-f0ba8bb9c37f"
              ],
              "failures": [],
              "pending": [],
              "skipped": [],
              "duration": 24,
              "root": false,
              "rootEmpty": false,
              "_timeout": 60000
            }
          ],
          "passes": [],
          "failures": [],
          "pending": [],
          "skipped": [],
          "duration": 0,
          "root": false,
          "rootEmpty": false,
          "_timeout": 60000
        }
      ],
      "passes": [],
      "failures": [],
      "pending": [],
      "skipped": [],
      "duration": 0,
      "root": true,
      "rootEmpty": true,
      "_timeout": 60000
    }
  ],
  "meta": {
    "mocha": {
      "version": "8.4.0"
    },
    "mochawesome": {
      "options": {
        "quiet": false,
        "reportFilename": "API-Automation-Test-Report",
        "saveHtml": true,
        "saveJson": true,
        "consoleReporter": "spec",
        "useInlineDiffs": false
      },
      "version": "4.1.0"
    },
    "marge": {
      "options": {
        "inlineAssets": "true",
        "reportDir": "mochawesome-report/20:23:0",
        "reportFilename": "API-Automation-Test-Report"
      },
      "version": "4.1.0"
    }
  }
}