{
  "stats": {
    "suites": 3,
    "tests": 6,
    "passes": 4,
    "pending": 0,
    "failures": 2,
    "start": "2021-09-24T20:17:32.041Z",
    "end": "2021-09-24T20:17:32.240Z",
    "duration": 199,
    "testsRegistered": 6,
    "passPercent": 66.66666666666666,
    "pendingPercent": 0,
    "other": 0,
    "hasOther": false,
    "skipped": 0,
    "hasSkipped": false
  },
  "results": [
    {
      "uuid": "98dd6789-f132-4d22-b6e6-2049bc06e880",
      "title": "",
      "fullFile": "",
      "file": "",
      "beforeHooks": [],
      "afterHooks": [],
      "tests": [],
      "suites": [
        {
          "uuid": "fab0a975-4f65-49d6-a791-06667bcb59b6",
          "title": "Sample Feature to Test the package",
          "fullFile": "/home/manikandan/Documents/BG_Automation/structure2/index.js",
          "file": "/index.js",
          "beforeHooks": [],
          "afterHooks": [],
          "tests": [],
          "suites": [
            {
              "uuid": "c890e559-2f92-4f4b-87b2-798752d20610",
              "title": "testing",
              "fullFile": "/home/manikandan/Documents/BG_Automation/structure2/index.js",
              "file": "/index.js",
              "beforeHooks": [],
              "afterHooks": [],
              "tests": [
                {
                  "title": "Given set up the test environment details for execution",
                  "fullTitle": "Sample Feature to Test the package testing Given set up the test environment details for execution",
                  "timedOut": false,
                  "duration": 12,
                  "state": "passed",
                  "speed": "fast",
                  "pass": true,
                  "fail": false,
                  "pending": false,
                  "context": null,
                  "code": "iterator(this, subject, done);",
                  "err": {},
                  "uuid": "0fb75f44-5f9b-4bfc-991a-76a7b4a18b9b",
                  "parentUUID": "c890e559-2f92-4f4b-87b2-798752d20610",
                  "isHook": false,
                  "skipped": false
                },
                {
                  "title": "Given trigger POST on calculator endpoint for the operator + with the operands 5,6",
                  "fullTitle": "Sample Feature to Test the package testing Given trigger POST on calculator endpoint for the operator + with the operands 5,6",
                  "timedOut": false,
                  "duration": 80,
                  "state": "passed",
                  "speed": "fast",
                  "pass": true,
                  "fail": false,
                  "pending": false,
                  "context": null,
                  "code": "iterator(this, subject, done);",
                  "err": {},
                  "uuid": "6661a098-60b3-4465-a90d-6499ff02f44b",
                  "parentUUID": "c890e559-2f92-4f4b-87b2-798752d20610",
                  "isHook": false,
                  "skipped": false
                },
                {
                  "title": "When validating the response",
                  "fullTitle": "Sample Feature to Test the package testing When validating the response",
                  "timedOut": false,
                  "duration": 5,
                  "state": "failed",
                  "speed": null,
                  "pass": false,
                  "fail": true,
                  "pending": false,
                  "context": null,
                  "code": "iterator(this, subject, done);",
                  "err": {
                    "message": "AssertionError: expected '' to deeply equal 'OK'",
                    "estack": "AssertionError: expected '' to deeply equal 'OK'\n    at _callee$ (helper/basicValidation.js:6:39)\n    at tryCatch (node_modules/regenerator-runtime/runtime.js:63:40)\n    at Generator.invoke [as _invoke] (node_modules/regenerator-runtime/runtime.js:294:22)\n    at Generator.next (node_modules/regenerator-runtime/runtime.js:119:21)\n    at asyncGeneratorStep (helper/basicValidation.js:10:103)\n    at _next (helper/basicValidation.js:12:194)\n    at /home/manikandan/Documents/BG_Automation/structure2/helper/basicValidation.js:12:364\n    at new Promise (<anonymous>)\n    at Object.<anonymous> (helper/basicValidation.js:12:97)\n    at Object._basicValidations (helper/basicValidation.js:36:28)\n    at Object.call (helper/basicValidation.js:15:28)\n    at Object._callee$ (steps/when/lib/when-steps.js:8:34)\n    at tryCatch (node_modules/regenerator-runtime/runtime.js:63:40)\n    at Generator.invoke [as _invoke] (node_modules/regenerator-runtime/runtime.js:294:22)\n    at Generator.next (node_modules/regenerator-runtime/runtime.js:119:21)\n    at asyncGeneratorStep (steps/when/lib/when-steps.js:10:103)\n    at _next (steps/when/lib/when-steps.js:12:194)\n    at /home/manikandan/Documents/BG_Automation/structure2/steps/when/lib/when-steps.js:12:364\n    at new Promise (<anonymous>)\n    at Object.<anonymous> (steps/when/lib/when-steps.js:12:97)\n    at Object.invoke (node_modules/yadda/lib/fn.js:15:19)\n    at /home/manikandan/Documents/BG_Automation/structure2/node_modules/yadda/lib/Macro.js:37:29\n    at /home/manikandan/Documents/BG_Automation/structure2/node_modules/yadda/lib/Array.js:85:13\n    at each_async (node_modules/yadda/lib/Array.js:55:35)\n    at Array.collect_async (node_modules/yadda/lib/Array.js:77:9)\n    at Array.collect_async (node_modules/yadda/lib/fn.js:10:23)\n    at convert (node_modules/yadda/lib/Macro.js:83:12)\n    at Macro.interpret (node_modules/yadda/lib/Macro.js:32:9)\n    at Interpreter.interpret_step (node_modules/yadda/lib/Interpreter.js:59:15)\n    at iterator (node_modules/yadda/lib/Interpreter.js:49:19)\n    at iterate (node_modules/yadda/lib/Array.js:58:13)\n    at Array.each_async (node_modules/yadda/lib/Array.js:64:9)\n    at Array.each_async (node_modules/yadda/lib/fn.js:10:23)\n    at Interpreter.interpret (node_modules/yadda/lib/Interpreter.js:44:21)\n    at Yadda.yadda (node_modules/yadda/lib/Yadda.js:25:26)\n    at Context.<anonymous> (node_modules/ya-done-api/src/lib/yadda-core.js:32:31)\n    at /home/manikandan/Documents/BG_Automation/structure2/node_modules/yadda/lib/plugins/mocha/StepLevelPlugin.js:37:39\n    at Context.<anonymous> (node_modules/yadda/lib/plugins/mocha/BasePlugin.js:38:13)\n    at processImmediate (internal/timers.js:456:21)",
                    "diff": "+ OK\n"
                  },
                  "uuid": "b45d9673-ff16-4066-a08b-5a7da0026014",
                  "parentUUID": "c890e559-2f92-4f4b-87b2-798752d20610",
                  "isHook": false,
                  "skipped": false
                }
              ],
              "suites": [],
              "passes": [
                "0fb75f44-5f9b-4bfc-991a-76a7b4a18b9b",
                "6661a098-60b3-4465-a90d-6499ff02f44b"
              ],
              "failures": [
                "b45d9673-ff16-4066-a08b-5a7da0026014"
              ],
              "pending": [],
              "skipped": [],
              "duration": 97,
              "root": false,
              "rootEmpty": false,
              "_timeout": 60000
            },
            {
              "uuid": "abb7717b-c6bf-4b54-b8c2-cb7c66a57799",
              "title": "testing",
              "fullFile": "/home/manikandan/Documents/BG_Automation/structure2/index.js",
              "file": "/index.js",
              "beforeHooks": [],
              "afterHooks": [],
              "tests": [
                {
                  "title": "Given set up the test environment details for execution",
                  "fullTitle": "Sample Feature to Test the package testing Given set up the test environment details for execution",
                  "timedOut": false,
                  "duration": 1,
                  "state": "passed",
                  "speed": "fast",
                  "pass": true,
                  "fail": false,
                  "pending": false,
                  "context": null,
                  "code": "iterator(this, subject, done);",
                  "err": {},
                  "uuid": "21abb116-ac5c-4977-a01c-c8d1ab6918b6",
                  "parentUUID": "abb7717b-c6bf-4b54-b8c2-cb7c66a57799",
                  "isHook": false,
                  "skipped": false
                },
                {
                  "title": "Given trigger POST on calculator endpoint for the operator sqr with the operands 9",
                  "fullTitle": "Sample Feature to Test the package testing Given trigger POST on calculator endpoint for the operator sqr with the operands 9",
                  "timedOut": false,
                  "duration": 83,
                  "state": "passed",
                  "speed": "fast",
                  "pass": true,
                  "fail": false,
                  "pending": false,
                  "context": null,
                  "code": "iterator(this, subject, done);",
                  "err": {},
                  "uuid": "d4fb0c7a-faa9-4c42-aeaa-099b832881df",
                  "parentUUID": "abb7717b-c6bf-4b54-b8c2-cb7c66a57799",
                  "isHook": false,
                  "skipped": false
                },
                {
                  "title": "When validating the response",
                  "fullTitle": "Sample Feature to Test the package testing When validating the response",
                  "timedOut": false,
                  "duration": 2,
                  "state": "failed",
                  "speed": null,
                  "pass": false,
                  "fail": true,
                  "pending": false,
                  "context": null,
                  "code": "iterator(this, subject, done);",
                  "err": {
                    "message": "AssertionError: expected '' to deeply equal 'OK'",
                    "estack": "AssertionError: expected '' to deeply equal 'OK'\n    at _callee$ (helper/basicValidation.js:6:39)\n    at tryCatch (node_modules/regenerator-runtime/runtime.js:63:40)\n    at Generator.invoke [as _invoke] (node_modules/regenerator-runtime/runtime.js:294:22)\n    at Generator.next (node_modules/regenerator-runtime/runtime.js:119:21)\n    at asyncGeneratorStep (helper/basicValidation.js:10:103)\n    at _next (helper/basicValidation.js:12:194)\n    at /home/manikandan/Documents/BG_Automation/structure2/helper/basicValidation.js:12:364\n    at new Promise (<anonymous>)\n    at Object.<anonymous> (helper/basicValidation.js:12:97)\n    at Object.call (helper/basicValidation.js:15:28)\n    at Object._callee$ (steps/when/lib/when-steps.js:8:34)\n    at tryCatch (node_modules/regenerator-runtime/runtime.js:63:40)\n    at Generator.invoke [as _invoke] (node_modules/regenerator-runtime/runtime.js:294:22)\n    at Generator.next (node_modules/regenerator-runtime/runtime.js:119:21)\n    at asyncGeneratorStep (steps/when/lib/when-steps.js:10:103)\n    at _next (steps/when/lib/when-steps.js:12:194)\n    at /home/manikandan/Documents/BG_Automation/structure2/steps/when/lib/when-steps.js:12:364\n    at new Promise (<anonymous>)\n    at Object.<anonymous> (steps/when/lib/when-steps.js:12:97)\n    at Object.invoke (node_modules/yadda/lib/fn.js:15:19)\n    at /home/manikandan/Documents/BG_Automation/structure2/node_modules/yadda/lib/Macro.js:37:29\n    at /home/manikandan/Documents/BG_Automation/structure2/node_modules/yadda/lib/Array.js:85:13\n    at each_async (node_modules/yadda/lib/Array.js:55:35)\n    at Array.collect_async (node_modules/yadda/lib/Array.js:77:9)\n    at Array.collect_async (node_modules/yadda/lib/fn.js:10:23)\n    at convert (node_modules/yadda/lib/Macro.js:83:12)\n    at Macro.interpret (node_modules/yadda/lib/Macro.js:32:9)\n    at Interpreter.interpret_step (node_modules/yadda/lib/Interpreter.js:59:15)\n    at iterator (node_modules/yadda/lib/Interpreter.js:49:19)\n    at iterate (node_modules/yadda/lib/Array.js:58:13)\n    at Array.each_async (node_modules/yadda/lib/Array.js:64:9)\n    at Array.each_async (node_modules/yadda/lib/fn.js:10:23)\n    at Interpreter.interpret (node_modules/yadda/lib/Interpreter.js:44:21)\n    at Yadda.yadda (node_modules/yadda/lib/Yadda.js:25:26)\n    at Context.<anonymous> (node_modules/ya-done-api/src/lib/yadda-core.js:32:31)\n    at /home/manikandan/Documents/BG_Automation/structure2/node_modules/yadda/lib/plugins/mocha/StepLevelPlugin.js:37:39\n    at Context.<anonymous> (node_modules/yadda/lib/plugins/mocha/BasePlugin.js:38:13)\n    at processImmediate (internal/timers.js:456:21)",
                    "diff": "+ OK\n"
                  },
                  "uuid": "4c3289c2-3a01-4abb-8786-8016634e92ea",
                  "parentUUID": "abb7717b-c6bf-4b54-b8c2-cb7c66a57799",
                  "isHook": false,
                  "skipped": false
                }
              ],
              "suites": [],
              "passes": [
                "21abb116-ac5c-4977-a01c-c8d1ab6918b6",
                "d4fb0c7a-faa9-4c42-aeaa-099b832881df"
              ],
              "failures": [
                "4c3289c2-3a01-4abb-8786-8016634e92ea"
              ],
              "pending": [],
              "skipped": [],
              "duration": 86,
              "root": false,
              "rootEmpty": false,
              "_timeout": 60000
            }
          ],
          "passes": [],
          "failures": [],
          "pending": [],
          "skipped": [],
          "duration": 0,
          "root": false,
          "rootEmpty": false,
          "_timeout": 60000
        }
      ],
      "passes": [],
      "failures": [],
      "pending": [],
      "skipped": [],
      "duration": 0,
      "root": true,
      "rootEmpty": true,
      "_timeout": 60000
    }
  ],
  "meta": {
    "mocha": {
      "version": "8.4.0"
    },
    "mochawesome": {
      "options": {
        "quiet": false,
        "reportFilename": "API-Automation-Test-Report",
        "saveHtml": true,
        "saveJson": true,
        "consoleReporter": "spec",
        "useInlineDiffs": false
      },
      "version": "4.1.0"
    },
    "marge": {
      "options": {
        "inlineAssets": "true",
        "reportDir": "mochawesome-report/21:17:30",
        "reportFilename": "API-Automation-Test-Report"
      },
      "version": "4.1.0"
    }
  }
}