{
  "stats": {
    "suites": 3,
    "tests": 2,
    "passes": 2,
    "pending": 0,
    "failures": 0,
    "start": "2021-09-24T19:34:56.247Z",
    "end": "2021-09-24T19:34:56.293Z",
    "duration": 46,
    "testsRegistered": 2,
    "passPercent": 100,
    "pendingPercent": 0,
    "other": 0,
    "hasOther": false,
    "skipped": 0,
    "hasSkipped": false
  },
  "results": [
    {
      "uuid": "cb0bc6d0-6de4-409f-8e72-ad68afcae019",
      "title": "",
      "fullFile": "",
      "file": "",
      "beforeHooks": [],
      "afterHooks": [],
      "tests": [],
      "suites": [
        {
          "uuid": "633e873f-b70f-4a36-961d-4fe0b8c17a5c",
          "title": "Sample Feature to Test the package",
          "fullFile": "/home/manikandan/Documents/BG_Automation/structure2/index.js",
          "file": "/index.js",
          "beforeHooks": [],
          "afterHooks": [],
          "tests": [],
          "suites": [
            {
              "uuid": "15fc1728-059f-4605-9ffa-1aec6f5ff5c7",
              "title": "testing",
              "fullFile": "/home/manikandan/Documents/BG_Automation/structure2/index.js",
              "file": "/index.js",
              "beforeHooks": [],
              "afterHooks": [],
              "tests": [
                {
                  "title": "Given trigger POST on calculator endpoint for the operator + with the operands 5,6",
                  "fullTitle": "Sample Feature to Test the package testing Given trigger POST on calculator endpoint for the operator + with the operands 5,6",
                  "timedOut": false,
                  "duration": 29,
                  "state": "passed",
                  "speed": "fast",
                  "pass": true,
                  "fail": false,
                  "pending": false,
                  "context": null,
                  "code": "iterator(this, subject, done);",
                  "err": {},
                  "uuid": "7338c4b0-2397-4c64-88a4-0028f47096a9",
                  "parentUUID": "15fc1728-059f-4605-9ffa-1aec6f5ff5c7",
                  "isHook": false,
                  "skipped": false
                }
              ],
              "suites": [],
              "passes": [
                "7338c4b0-2397-4c64-88a4-0028f47096a9"
              ],
              "failures": [],
              "pending": [],
              "skipped": [],
              "duration": 29,
              "root": false,
              "rootEmpty": false,
              "_timeout": 60000
            },
            {
              "uuid": "33b712d4-4a5a-491a-891f-f71fbe2cff75",
              "title": "testing",
              "fullFile": "/home/manikandan/Documents/BG_Automation/structure2/index.js",
              "file": "/index.js",
              "beforeHooks": [],
              "afterHooks": [],
              "tests": [
                {
                  "title": "Given trigger POST on calculator endpoint for the operator sqr with the operands 9",
                  "fullTitle": "Sample Feature to Test the package testing Given trigger POST on calculator endpoint for the operator sqr with the operands 9",
                  "timedOut": false,
                  "duration": 12,
                  "state": "passed",
                  "speed": "fast",
                  "pass": true,
                  "fail": false,
                  "pending": false,
                  "context": null,
                  "code": "iterator(this, subject, done);",
                  "err": {},
                  "uuid": "ee8feda3-5574-48c2-8001-11023f4ee2d2",
                  "parentUUID": "33b712d4-4a5a-491a-891f-f71fbe2cff75",
                  "isHook": false,
                  "skipped": false
                }
              ],
              "suites": [],
              "passes": [
                "ee8feda3-5574-48c2-8001-11023f4ee2d2"
              ],
              "failures": [],
              "pending": [],
              "skipped": [],
              "duration": 12,
              "root": false,
              "rootEmpty": false,
              "_timeout": 60000
            }
          ],
          "passes": [],
          "failures": [],
          "pending": [],
          "skipped": [],
          "duration": 0,
          "root": false,
          "rootEmpty": false,
          "_timeout": 60000
        }
      ],
      "passes": [],
      "failures": [],
      "pending": [],
      "skipped": [],
      "duration": 0,
      "root": true,
      "rootEmpty": true,
      "_timeout": 60000
    }
  ],
  "meta": {
    "mocha": {
      "version": "8.4.0"
    },
    "mochawesome": {
      "options": {
        "quiet": false,
        "reportFilename": "API-Automation-Test-Report",
        "saveHtml": true,
        "saveJson": true,
        "consoleReporter": "spec",
        "useInlineDiffs": false
      },
      "version": "4.1.0"
    },
    "marge": {
      "options": {
        "inlineAssets": "true",
        "reportDir": "mochawesome-report/20:34:55",
        "reportFilename": "API-Automation-Test-Report"
      },
      "version": "4.1.0"
    }
  }
}